2025-09-15 12:40:16 - Stopping offlinebookingprintservice.exe
2025-09-15 12:40:16 - ProcessKill 6884
2025-09-15 12:40:16 - Shutdown exception
Message:A system shutdown is in progress.

Stacktrace:   at System.Runtime.InteropServices.Marshal.ThrowExceptionForHRInternal(Int32 errorCode, IntPtr errorInfo)
   at System.Management.ManagementScope.InitializeGuts(Object o)
   at System.Management.ManagementScope.Initialize()
   at System.Management.ManagementObjectSearcher.Initialize()
   at System.Management.ManagementObjectSearcher.Get()
   at winsw.WrapperService.GetChildPids(Int32 pid)
   at winsw.WrapperService.StopProcessAndChildren(Int32 pid)
   at winsw.WrapperService.StopIt()
   at winsw.WrapperService.OnShutdown()
2025-09-15 12:40:59 - Starting C:\Program Files\nodejs\node.exe  --harmony --max_old_space_size=4096 D:\offlinebooking\backend\node_modules\node-windows\lib\wrapper.js --file D:\offlinebooking\backend\src\printWorker.js --scriptoptions= --log "OfflineBookingPrintService wrapper" --grow 0.25 --wait 1 --maxrestarts 3 --abortonerror n --stopparentfirst undefined
2025-09-15 12:40:59 - Started 7156
2025-09-15 12:41:57 - Stopping offlinebookingprintservice.exe
2025-09-15 12:41:57 - ProcessKill 7156
2025-09-15 12:41:58 - Shutdown exception
Message:A system shutdown is in progress.

Stacktrace:   at System.Runtime.InteropServices.Marshal.ThrowExceptionForHRInternal(Int32 errorCode, IntPtr errorInfo)
   at System.Management.ManagementScope.InitializeGuts(Object o)
   at System.Management.ManagementScope.Initialize()
   at System.Management.ManagementObjectSearcher.Initialize()
   at System.Management.ManagementObjectSearcher.Get()
   at winsw.WrapperService.GetChildPids(Int32 pid)
   at winsw.WrapperService.StopProcessAndChildren(Int32 pid)
   at winsw.WrapperService.StopIt()
   at winsw.WrapperService.OnShutdown()
2025-09-15 12:42:33 - Starting C:\Program Files\nodejs\node.exe  --harmony --max_old_space_size=4096 D:\offlinebooking\backend\node_modules\node-windows\lib\wrapper.js --file D:\offlinebooking\backend\src\printWorker.js --scriptoptions= --log "OfflineBookingPrintService wrapper" --grow 0.25 --wait 1 --maxrestarts 3 --abortonerror n --stopparentfirst undefined
2025-09-15 12:42:33 - Started 6688
2025-09-16 21:51:57 - Starting C:\Program Files\nodejs\node.exe  --harmony --max_old_space_size=4096 D:\offlinebooking\backend\node_modules\node-windows\lib\wrapper.js --file D:\offlinebooking\backend\src\printWorker.js --scriptoptions= --log "OfflineBookingPrintService wrapper" --grow 0.25 --wait 1 --maxrestarts 3 --abortonerror n --stopparentfirst undefined
2025-09-16 21:51:57 - Started 7016
2025-10-03 20:35:07 - Stopping offlinebookingprintservice.exe
2025-10-03 20:35:07 - ProcessKill 7016
2025-10-03 20:35:07 - Shutdown exception
Message:A system shutdown is in progress.

Stacktrace:   at System.Runtime.InteropServices.Marshal.ThrowExceptionForHRInternal(Int32 errorCode, IntPtr errorInfo)
   at System.Management.ManagementScope.InitializeGuts(Object o)
   at System.Management.ManagementScope.Initialize()
   at System.Management.ManagementObjectSearcher.Initialize()
   at System.Management.ManagementObjectSearcher.Get()
   at winsw.WrapperService.GetChildPids(Int32 pid)
   at winsw.WrapperService.StopProcessAndChildren(Int32 pid)
   at winsw.WrapperService.StopIt()
   at winsw.WrapperService.OnShutdown()
2025-10-03 20:35:48 - Starting C:\Program Files\nodejs\node.exe  --harmony --max_old_space_size=4096 D:\offlinebooking\backend\node_modules\node-windows\lib\wrapper.js --file D:\offlinebooking\backend\src\printWorker.js --scriptoptions= --log "OfflineBookingPrintService wrapper" --grow 0.25 --wait 1 --maxrestarts 3 --abortonerror n --stopparentfirst undefined
2025-10-03 20:35:48 - Started 7484
