🖨️ Print Worker Service started
🖨️ Processing job: job_print_1755534156015_nj07j85n0.json
⚠️ Windows API failed, trying VBScript...
✅ VBScript printing completed
✅ Job print_1755534156015_nj07j85n0 completed successfully
🖨️ Processing job: job_print_1755534157897_nnpbil6la.json
⚠️ Windows API failed, trying VBScript...
✅ VBScript printing completed
✅ Job print_1755534157897_nnpbil6la completed successfully
🖨️ Processing job: job_print_1755534177129_8sr3may6q.json
⚠️ Windows API failed, trying VBScript...
✅ VBScript printing completed
✅ Job print_1755534177129_8sr3may6q completed successfully
🖨️ Processing job: job_print_1755534734014_fwmvknr11.json
⚠️ Windows API failed, trying VBScript...
✅ VBScript printing completed
✅ Job print_1755534734014_fwmvknr11 completed successfully
🖨️ Processing job: job_print_1755579096927_m3mlrrjwc.json
⚠️ Windows API failed, trying VBScript...
✅ VBScript printing completed
✅ Job print_1755579096927_m3mlrrjwc completed successfully
🖨️ Processing job: job_print_1755580245542_rgxbxd8mu.json
⚠️ Windows API failed, trying VBScript...
✅ VBScript printing completed
✅ Job print_1755580245542_rgxbxd8mu completed successfully
🖨️ Processing job: job_print_1755580553717_b5uxa1tbe.json
⚠️ Windows API failed, trying VBScript...
✅ VBScript printing completed
✅ Job print_1755580553717_b5uxa1tbe completed successfully
🖨️ Processing job: job_print_1755580963904_wm1yzxic7.json
⚠️ Windows API failed, trying VBScript...
✅ VBScript printing completed
✅ Job print_1755580963904_wm1yzxic7 completed successfully
🖨️ Processing job: job_print_1755581505796_lxa2bq7xd.json
⚠️ Windows API failed, trying VBScript...
✅ VBScript printing completed
✅ Job print_1755581505796_lxa2bq7xd completed successfully
🖨️ Processing job: job_print_1755581656413_ozgmigbqq.json
⚠️ Windows API failed, trying VBScript...
✅ VBScript printing completed
✅ Job print_1755581656413_ozgmigbqq completed successfully
🖨️ Processing job: job_print_1755581855916_vbdoqvgba.json
⚠️ Windows API failed, trying VBScript...
✅ VBScript printing completed
✅ Job print_1755581855916_vbdoqvgba completed successfully
🖨️ Processing job: job_print_1755581855916_vbdoqvgba.json
⚠️ Windows API failed, trying VBScript...
✅ VBScript printing completed
✅ Job print_1755581855916_vbdoqvgba completed successfully
🖨️ Processing job: job_print_1755582293964_vkhgiqzzk.json
⚠️ Windows API failed, trying VBScript...
✅ VBScript printing completed
✅ Job print_1755582293964_vkhgiqzzk completed successfully
🖨️ Processing job: job_print_1755582363694_s61wt4e3q.json
⚠️ Windows API failed, trying VBScript...
✅ VBScript printing completed
✅ Job print_1755582363694_s61wt4e3q completed successfully
🖨️ Processing job: job_print_1755582460414_ypdb0dwec.json
⚠️ Windows API failed, trying VBScript...
✅ VBScript printing completed
✅ Job print_1755582460414_ypdb0dwec completed successfully
🖨️ Processing job: job_print_1755582656033_iglgvj5e6.json
⚠️ Windows API failed, trying VBScript...
✅ VBScript printing completed
✅ Job print_1755582656033_iglgvj5e6 completed successfully
🖨️ Processing job: job_print_1755582835248_whcdbny3v.json
⚠️ Windows API failed, trying VBScript...
✅ VBScript printing completed
✅ Job print_1755582835248_whcdbny3v completed successfully
🖨️ Processing job: job_print_1755583025441_9s0p9wykx.json
⚠️ Windows API failed, trying VBScript...
✅ VBScript printing completed
✅ Job print_1755583025441_9s0p9wykx completed successfully
🖨️ Processing job: job_print_1755583363909_4fo2qhbc7.json
⚠️ Windows API failed, trying VBScript...
✅ VBScript printing completed
✅ Job print_1755583363909_4fo2qhbc7 completed successfully
🖨️ Processing job: job_print_1755583596617_5f07yln1r.json
⚠️ Windows API failed, trying VBScript...
✅ VBScript printing completed
✅ Job print_1755583596617_5f07yln1r completed successfully
🖨️ Processing job: job_print_1755584347064_9cowrrmyh.json
⚠️ Windows API failed, trying VBScript...
✅ VBScript printing completed
✅ Job print_1755584347064_9cowrrmyh completed successfully
🖨️ Processing job: job_print_1755585470538_fgpllkj8f.json
⚠️ Windows API failed, trying VBScript...
✅ VBScript printing completed
✅ Job print_1755585470538_fgpllkj8f completed successfully
🖨️ Processing job: job_print_1755585731449_ns2gd8nti.json
⚠️ Windows API failed, trying VBScript...
✅ VBScript printing completed
✅ Job print_1755585731449_ns2gd8nti completed successfully
🖨️ Processing job: job_print_1755585766961_if4cyyn28.json
⚠️ Windows API failed, trying VBScript...
⚠️ VBScript failed, using minimal PowerShell...
✅ Minimal PowerShell printing completed
✅ Job print_1755585766961_if4cyyn28 completed successfully
🖨️ Processing job: job_print_1755586154712_7hoddjxzh.json
⚠️ Windows API failed, trying VBScript...
⚠️ VBScript failed, using minimal PowerShell...
✅ Minimal PowerShell printing completed
✅ Job print_1755586154712_7hoddjxzh completed successfully
🖨️ Processing job: job_print_1755586154712_7hoddjxzh.json
⚠️ Windows API failed, trying VBScript...
⚠️ VBScript failed, using minimal PowerShell...
✅ Minimal PowerShell printing completed
✅ Job print_1755586154712_7hoddjxzh completed successfully
🖨️ Processing job: job_print_1755586154712_7hoddjxzh.json
⚠️ Windows API failed, trying VBScript...
⚠️ VBScript failed, using minimal PowerShell...
✅ Minimal PowerShell printing completed
✅ Job print_1755586154712_7hoddjxzh completed successfully
🖨️ Processing job: job_print_1755586154712_7hoddjxzh.json
⚠️ Windows API failed, trying VBScript...
⚠️ VBScript failed, using minimal PowerShell...
✅ Minimal PowerShell printing completed
✅ Job print_1755586154712_7hoddjxzh completed successfully
🖨️ Processing job: job_print_1755586154712_7hoddjxzh.json
⚠️ Windows API failed, trying VBScript...
⚠️ VBScript failed, using minimal PowerShell...
✅ Minimal PowerShell printing completed
✅ Job print_1755586154712_7hoddjxzh completed successfully
🖨️ Processing job: job_print_1755586154712_7hoddjxzh.json
⚠️ Windows API failed, trying VBScript...
⚠️ VBScript failed, using minimal PowerShell...
✅ Minimal PowerShell printing completed
✅ Job print_1755586154712_7hoddjxzh completed successfully
🖨️ Processing job: job_print_1755586154712_7hoddjxzh.json
⚠️ Windows API failed, trying VBScript...
⚠️ VBScript failed, using minimal PowerShell...
✅ Minimal PowerShell printing completed
✅ Job print_1755586154712_7hoddjxzh completed successfully
🖨️ Processing job: job_print_1755586154712_7hoddjxzh.json
⚠️ Windows API failed, trying VBScript...
⚠️ VBScript failed, using minimal PowerShell...
✅ Minimal PowerShell printing completed
✅ Job print_1755586154712_7hoddjxzh completed successfully
🖨️ Processing job: job_print_1755586154712_7hoddjxzh.json
⚠️ Windows API failed, trying VBScript...
⚠️ VBScript failed, using minimal PowerShell...
✅ Minimal PowerShell printing completed
✅ Job print_1755586154712_7hoddjxzh completed successfully
🖨️ Processing job: job_print_1755586154712_7hoddjxzh.json
⚠️ Windows API failed, trying VBScript...
⚠️ VBScript failed, using minimal PowerShell...
✅ Minimal PowerShell printing completed
✅ Job print_1755586154712_7hoddjxzh completed successfully
🖨️ Processing job: job_print_1755586154712_7hoddjxzh.json
⚠️ Windows API failed, trying VBScript...
⚠️ VBScript failed, using minimal PowerShell...
✅ Minimal PowerShell printing completed
✅ Job print_1755586154712_7hoddjxzh completed successfully
🖨️ Processing job: job_print_1755586154712_7hoddjxzh.json
⚠️ Windows API failed, trying VBScript...
⚠️ VBScript failed, using minimal PowerShell...
✅ Minimal PowerShell printing completed
✅ Job print_1755586154712_7hoddjxzh completed successfully
🖨️ Processing job: job_print_1755586154712_7hoddjxzh.json
⚠️ Windows API failed, trying VBScript...
⚠️ VBScript failed, using minimal PowerShell...
✅ Minimal PowerShell printing completed
✅ Job print_1755586154712_7hoddjxzh completed successfully
🖨️ Processing job: job_print_1755586154712_7hoddjxzh.json
⚠️ Windows API failed, trying VBScript...
⚠️ VBScript failed, using minimal PowerShell...
✅ Minimal PowerShell printing completed
✅ Job print_1755586154712_7hoddjxzh completed successfully
🖨️ Processing job: job_print_1755586154712_7hoddjxzh.json
⚠️ Windows API failed, trying VBScript...
⚠️ VBScript failed, using minimal PowerShell...
✅ Minimal PowerShell printing completed
✅ Job print_1755586154712_7hoddjxzh completed successfully
🖨️ Processing job: job_print_1755586154712_7hoddjxzh.json
⚠️ Windows API failed, trying VBScript...
⚠️ VBScript failed, using minimal PowerShell...
✅ Minimal PowerShell printing completed
✅ Job print_1755586154712_7hoddjxzh completed successfully
🖨️ Processing job: job_print_1755586154712_7hoddjxzh.json
⚠️ Windows API failed, trying VBScript...
⚠️ VBScript failed, using minimal PowerShell...
✅ Minimal PowerShell printing completed
✅ Job print_1755586154712_7hoddjxzh completed successfully
🖨️ Processing job: job_print_1755586154712_7hoddjxzh.json
⚠️ Windows API failed, trying VBScript...
⚠️ VBScript failed, using minimal PowerShell...
✅ Minimal PowerShell printing completed
✅ Job print_1755586154712_7hoddjxzh completed successfully
🖨️ Processing job: job_print_1755586154712_7hoddjxzh.json
⚠️ Windows API failed, trying VBScript...
⚠️ VBScript failed, using minimal PowerShell...
✅ Minimal PowerShell printing completed
✅ Job print_1755586154712_7hoddjxzh completed successfully
🖨️ Processing job: job_print_1755586154712_7hoddjxzh.json
⚠️ Windows API failed, trying VBScript...
⚠️ VBScript failed, using minimal PowerShell...
✅ Minimal PowerShell printing completed
✅ Job print_1755586154712_7hoddjxzh completed successfully
🖨️ Processing job: job_print_1755586154712_7hoddjxzh.json
⚠️ Windows API failed, trying VBScript...
⚠️ VBScript failed, using minimal PowerShell...
✅ Minimal PowerShell printing completed
✅ Job print_1755586154712_7hoddjxzh completed successfully
🖨️ Processing job: job_print_1755586154712_7hoddjxzh.json
⚠️ Windows API failed, trying VBScript...
⚠️ VBScript failed, using minimal PowerShell...
✅ Minimal PowerShell printing completed
✅ Job print_1755586154712_7hoddjxzh completed successfully
🖨️ Processing job: job_print_1755586154712_7hoddjxzh.json
⚠️ Windows API failed, trying VBScript...
⚠️ VBScript failed, using minimal PowerShell...
✅ Minimal PowerShell printing completed
✅ Job print_1755586154712_7hoddjxzh completed successfully
🖨️ Processing job: job_print_1755586154712_7hoddjxzh.json
⚠️ Windows API failed, trying VBScript...
⚠️ VBScript failed, using minimal PowerShell...
✅ Minimal PowerShell printing completed
✅ Job print_1755586154712_7hoddjxzh completed successfully
🖨️ Processing job: job_print_1755586154712_7hoddjxzh.json
⚠️ Windows API failed, trying VBScript...
⚠️ VBScript failed, using minimal PowerShell...
✅ Minimal PowerShell printing completed
✅ Job print_1755586154712_7hoddjxzh completed successfully
🖨️ Processing job: job_print_1755586486798_cvtfhh46r.json
⚠️ Windows API failed, trying VBScript...
⚠️ VBScript failed, using minimal PowerShell...
✅ Minimal PowerShell printing completed
✅ Job print_1755586486798_cvtfhh46r completed successfully
🖨️ Processing job: job_print_1755586154712_7hoddjxzh.json
⚠️ Windows API failed, trying VBScript...
⚠️ VBScript failed, using minimal PowerShell...
✅ Minimal PowerShell printing completed
✅ Job print_1755586154712_7hoddjxzh completed successfully
🖨️ Processing job: job_print_1755586486798_cvtfhh46r.json
⚠️ Windows API failed, trying VBScript...
⚠️ VBScript failed, using minimal PowerShell...
✅ Minimal PowerShell printing completed
✅ Job print_1755586486798_cvtfhh46r completed successfully
🖨️ Processing job: job_print_1755586154712_7hoddjxzh.json
⚠️ Windows API failed, trying VBScript...
⚠️ VBScript failed, using minimal PowerShell...
✅ Minimal PowerShell printing completed
✅ Job print_1755586154712_7hoddjxzh completed successfully
🖨️ Processing job: job_print_1755586486798_cvtfhh46r.json
⚠️ Windows API failed, trying VBScript...
⚠️ VBScript failed, using minimal PowerShell...
✅ Minimal PowerShell printing completed
✅ Job print_1755586486798_cvtfhh46r completed successfully
🖨️ Processing job: job_print_1755586154712_7hoddjxzh.json
⚠️ Windows API failed, trying VBScript...
⚠️ VBScript failed, using minimal PowerShell...
✅ Minimal PowerShell printing completed
✅ Job print_1755586154712_7hoddjxzh completed successfully
🖨️ Processing job: job_print_1755586486798_cvtfhh46r.json
⚠️ Windows API failed, trying VBScript...
⚠️ VBScript failed, using minimal PowerShell...
✅ Minimal PowerShell printing completed
✅ Job print_1755586486798_cvtfhh46r completed successfully
🖨️ Processing job: job_print_1755586154712_7hoddjxzh.json
⚠️ Windows API failed, trying VBScript...
⚠️ VBScript failed, using minimal PowerShell...
✅ Minimal PowerShell printing completed
✅ Job print_1755586154712_7hoddjxzh completed successfully
🖨️ Processing job: job_print_1755586486798_cvtfhh46r.json
⚠️ Windows API failed, trying VBScript...
⚠️ VBScript failed, using minimal PowerShell...
✅ Minimal PowerShell printing completed
✅ Job print_1755586486798_cvtfhh46r completed successfully
🖨️ Processing job: job_print_1755586154712_7hoddjxzh.json
⚠️ Windows API failed, trying VBScript...
⚠️ VBScript failed, using minimal PowerShell...
✅ Minimal PowerShell printing completed
✅ Job print_1755586154712_7hoddjxzh completed successfully
🖨️ Processing job: job_print_1755586486798_cvtfhh46r.json
⚠️ Windows API failed, trying VBScript...
⚠️ VBScript failed, using minimal PowerShell...
✅ Minimal PowerShell printing completed
✅ Job print_1755586486798_cvtfhh46r completed successfully
🖨️ Processing job: job_print_1755586154712_7hoddjxzh.json
⚠️ Windows API failed, trying VBScript...
⚠️ VBScript failed, using minimal PowerShell...
✅ Minimal PowerShell printing completed
✅ Job print_1755586154712_7hoddjxzh completed successfully
🖨️ Processing job: job_print_1755586486798_cvtfhh46r.json
⚠️ Windows API failed, trying VBScript...
⚠️ VBScript failed, using minimal PowerShell...
✅ Minimal PowerShell printing completed
✅ Job print_1755586486798_cvtfhh46r completed successfully
🖨️ Processing job: job_print_1755586154712_7hoddjxzh.json
⚠️ Windows API failed, trying VBScript...
⚠️ VBScript failed, using minimal PowerShell...
✅ Minimal PowerShell printing completed
✅ Job print_1755586154712_7hoddjxzh completed successfully
🖨️ Processing job: job_print_1755586486798_cvtfhh46r.json
⚠️ Windows API failed, trying VBScript...
⚠️ VBScript failed, using minimal PowerShell...
✅ Minimal PowerShell printing completed
✅ Job print_1755586486798_cvtfhh46r completed successfully
🖨️ Processing job: job_print_1755586154712_7hoddjxzh.json
⚠️ Windows API failed, trying VBScript...
⚠️ VBScript failed, using minimal PowerShell...
✅ Minimal PowerShell printing completed
✅ Job print_1755586154712_7hoddjxzh completed successfully
🖨️ Processing job: job_print_1755586486798_cvtfhh46r.json
⚠️ Windows API failed, trying VBScript...
⚠️ VBScript failed, using minimal PowerShell...
✅ Minimal PowerShell printing completed
✅ Job print_1755586486798_cvtfhh46r completed successfully
🖨️ Processing job: job_print_1755586154712_7hoddjxzh.json
⚠️ Windows API failed, trying VBScript...
⚠️ VBScript failed, using minimal PowerShell...
✅ Minimal PowerShell printing completed
✅ Job print_1755586154712_7hoddjxzh completed successfully
🖨️ Processing job: job_print_1755586486798_cvtfhh46r.json
⚠️ Windows API failed, trying VBScript...
⚠️ VBScript failed, using minimal PowerShell...
✅ Minimal PowerShell printing completed
✅ Job print_1755586486798_cvtfhh46r completed successfully
🖨️ Processing job: job_print_1755586154712_7hoddjxzh.json
⚠️ Windows API failed, trying VBScript...
⚠️ VBScript failed, using minimal PowerShell...
✅ Minimal PowerShell printing completed
✅ Job print_1755586154712_7hoddjxzh completed successfully
🖨️ Processing job: job_print_1755586486798_cvtfhh46r.json
⚠️ Windows API failed, trying VBScript...
⚠️ VBScript failed, using minimal PowerShell...
✅ Minimal PowerShell printing completed
✅ Job print_1755586486798_cvtfhh46r completed successfully
🖨️ Processing job: job_print_1755586154712_7hoddjxzh.json
⚠️ Windows API failed, trying VBScript...
⚠️ VBScript failed, using minimal PowerShell...
✅ Minimal PowerShell printing completed
✅ Job print_1755586154712_7hoddjxzh completed successfully
🖨️ Processing job: job_print_1755586486798_cvtfhh46r.json
⚠️ Windows API failed, trying VBScript...
⚠️ VBScript failed, using minimal PowerShell...
✅ Minimal PowerShell printing completed
✅ Job print_1755586486798_cvtfhh46r completed successfully
🖨️ Processing job: job_print_1755586154712_7hoddjxzh.json
⚠️ Windows API failed, trying VBScript...
⚠️ VBScript failed, using minimal PowerShell...
✅ Minimal PowerShell printing completed
✅ Job print_1755586154712_7hoddjxzh completed successfully
🖨️ Processing job: job_print_1755586486798_cvtfhh46r.json
⚠️ Windows API failed, trying VBScript...
⚠️ VBScript failed, using minimal PowerShell...
✅ Minimal PowerShell printing completed
✅ Job print_1755586486798_cvtfhh46r completed successfully
🖨️ Processing job: job_print_1755586154712_7hoddjxzh.json
⚠️ Windows API failed, trying VBScript...
⚠️ VBScript failed, using minimal PowerShell...
✅ Minimal PowerShell printing completed
✅ Job print_1755586154712_7hoddjxzh completed successfully
🖨️ Processing job: job_print_1755586486798_cvtfhh46r.json
⚠️ Windows API failed, trying VBScript...
⚠️ VBScript failed, using minimal PowerShell...
✅ Minimal PowerShell printing completed
✅ Job print_1755586486798_cvtfhh46r completed successfully
🖨️ Processing job: job_print_1755586154712_7hoddjxzh.json
⚠️ Windows API failed, trying VBScript...
⚠️ VBScript failed, using minimal PowerShell...
✅ Minimal PowerShell printing completed
✅ Job print_1755586154712_7hoddjxzh completed successfully
🖨️ Processing job: job_print_1755586486798_cvtfhh46r.json
⚠️ Windows API failed, trying VBScript...
⚠️ VBScript failed, using minimal PowerShell...
✅ Minimal PowerShell printing completed
✅ Job print_1755586486798_cvtfhh46r completed successfully
🖨️ Processing job: job_print_1755586154712_7hoddjxzh.json
⚠️ Windows API failed, trying VBScript...
⚠️ VBScript failed, using minimal PowerShell...
✅ Minimal PowerShell printing completed
✅ Job print_1755586154712_7hoddjxzh completed successfully
🖨️ Processing job: job_print_1755586486798_cvtfhh46r.json
⚠️ Windows API failed, trying VBScript...
⚠️ VBScript failed, using minimal PowerShell...
✅ Minimal PowerShell printing completed
✅ Job print_1755586486798_cvtfhh46r completed successfully
🖨️ Processing job: job_print_1755586154712_7hoddjxzh.json
⚠️ Windows API failed, trying VBScript...
⚠️ VBScript failed, using minimal PowerShell...
✅ Minimal PowerShell printing completed
✅ Job print_1755586154712_7hoddjxzh completed successfully
🖨️ Processing job: job_print_1755586486798_cvtfhh46r.json
⚠️ Windows API failed, trying VBScript...
⚠️ VBScript failed, using minimal PowerShell...
✅ Minimal PowerShell printing completed
✅ Job print_1755586486798_cvtfhh46r completed successfully
🖨️ Processing job: job_print_1755586154712_7hoddjxzh.json
⚠️ Windows API failed, trying VBScript...
⚠️ VBScript failed, using minimal PowerShell...
✅ Minimal PowerShell printing completed
✅ Job print_1755586154712_7hoddjxzh completed successfully
🖨️ Processing job: job_print_1755586486798_cvtfhh46r.json
⚠️ Windows API failed, trying VBScript...
⚠️ VBScript failed, using minimal PowerShell...
✅ Minimal PowerShell printing completed
✅ Job print_1755586486798_cvtfhh46r completed successfully
🖨️ Processing job: job_print_1755586154712_7hoddjxzh.json
⚠️ Windows API failed, trying VBScript...
⚠️ VBScript failed, using minimal PowerShell...
✅ Minimal PowerShell printing completed
✅ Job print_1755586154712_7hoddjxzh completed successfully
🖨️ Processing job: job_print_1755586486798_cvtfhh46r.json
⚠️ Windows API failed, trying VBScript...
⚠️ VBScript failed, using minimal PowerShell...
✅ Minimal PowerShell printing completed
✅ Job print_1755586486798_cvtfhh46r completed successfully
🖨️ Processing job: job_print_1755586154712_7hoddjxzh.json
⚠️ Windows API failed, trying VBScript...
⚠️ VBScript failed, using minimal PowerShell...
✅ Minimal PowerShell printing completed
✅ Job print_1755586154712_7hoddjxzh completed successfully
🖨️ Processing job: job_print_1755586486798_cvtfhh46r.json
⚠️ Windows API failed, trying VBScript...
⚠️ VBScript failed, using minimal PowerShell...
✅ Minimal PowerShell printing completed
✅ Job print_1755586486798_cvtfhh46r completed successfully
🖨️ Processing job: job_print_1755586154712_7hoddjxzh.json
⚠️ Windows API failed, trying VBScript...
⚠️ VBScript failed, using minimal PowerShell...
✅ Minimal PowerShell printing completed
✅ Job print_1755586154712_7hoddjxzh completed successfully
🖨️ Processing job: job_print_1755586486798_cvtfhh46r.json
⚠️ Windows API failed, trying VBScript...
⚠️ VBScript failed, using minimal PowerShell...
✅ Minimal PowerShell printing completed
✅ Job print_1755586486798_cvtfhh46r completed successfully
🖨️ Processing job: job_print_1755586154712_7hoddjxzh.json
⚠️ Windows API failed, trying VBScript...
⚠️ VBScript failed, using minimal PowerShell...
✅ Minimal PowerShell printing completed
✅ Job print_1755586154712_7hoddjxzh completed successfully
🖨️ Processing job: job_print_1755586486798_cvtfhh46r.json
⚠️ Windows API failed, trying VBScript...
⚠️ VBScript failed, using minimal PowerShell...
✅ Minimal PowerShell printing completed
✅ Job print_1755586486798_cvtfhh46r completed successfully
🖨️ Processing job: job_print_1755586154712_7hoddjxzh.json
⚠️ Windows API failed, trying VBScript...
⚠️ VBScript failed, using minimal PowerShell...
✅ Minimal PowerShell printing completed
✅ Job print_1755586154712_7hoddjxzh completed successfully
🖨️ Processing job: job_print_1755586486798_cvtfhh46r.json
⚠️ Windows API failed, trying VBScript...
⚠️ VBScript failed, using minimal PowerShell...
✅ Minimal PowerShell printing completed
✅ Job print_1755586486798_cvtfhh46r completed successfully
🖨️ Processing job: job_print_1755586154712_7hoddjxzh.json
⚠️ Windows API failed, trying VBScript...
⚠️ VBScript failed, using minimal PowerShell...
✅ Minimal PowerShell printing completed
✅ Job print_1755586154712_7hoddjxzh completed successfully
🖨️ Processing job: job_print_1755586486798_cvtfhh46r.json
⚠️ Windows API failed, trying VBScript...
⚠️ VBScript failed, using minimal PowerShell...
✅ Minimal PowerShell printing completed
✅ Job print_1755586486798_cvtfhh46r completed successfully
🖨️ Processing job: job_print_1755586154712_7hoddjxzh.json
⚠️ Windows API failed, trying VBScript...
⚠️ VBScript failed, using minimal PowerShell...
✅ Minimal PowerShell printing completed
✅ Job print_1755586154712_7hoddjxzh completed successfully
🖨️ Processing job: job_print_1755586486798_cvtfhh46r.json
⚠️ Windows API failed, trying VBScript...
⚠️ VBScript failed, using minimal PowerShell...
✅ Minimal PowerShell printing completed
✅ Job print_1755586486798_cvtfhh46r completed successfully
🖨️ Processing job: job_print_1755586154712_7hoddjxzh.json
⚠️ Windows API failed, trying VBScript...
⚠️ VBScript failed, using minimal PowerShell...
✅ Minimal PowerShell printing completed
✅ Job print_1755586154712_7hoddjxzh completed successfully
🖨️ Processing job: job_print_1755586486798_cvtfhh46r.json
⚠️ Windows API failed, trying VBScript...
⚠️ VBScript failed, using minimal PowerShell...
✅ Minimal PowerShell printing completed
✅ Job print_1755586486798_cvtfhh46r completed successfully
🖨️ Processing job: job_print_1755586154712_7hoddjxzh.json
⚠️ Windows API failed, trying VBScript...
⚠️ VBScript failed, using minimal PowerShell...
✅ Minimal PowerShell printing completed
✅ Job print_1755586154712_7hoddjxzh completed successfully
🖨️ Processing job: job_print_1755586486798_cvtfhh46r.json
⚠️ Windows API failed, trying VBScript...
⚠️ VBScript failed, using minimal PowerShell...
✅ Minimal PowerShell printing completed
✅ Job print_1755586486798_cvtfhh46r completed successfully
🖨️ Processing job: job_print_1755586154712_7hoddjxzh.json
⚠️ Windows API failed, trying VBScript...
⚠️ VBScript failed, using minimal PowerShell...
✅ Minimal PowerShell printing completed
✅ Job print_1755586154712_7hoddjxzh completed successfully
🖨️ Processing job: job_print_1755586486798_cvtfhh46r.json
⚠️ Windows API failed, trying VBScript...
⚠️ VBScript failed, using minimal PowerShell...
✅ Minimal PowerShell printing completed
✅ Job print_1755586486798_cvtfhh46r completed successfully
🖨️ Processing job: job_print_1755586154712_7hoddjxzh.json
⚠️ Windows API failed, trying VBScript...
⚠️ VBScript failed, using minimal PowerShell...
✅ Minimal PowerShell printing completed
✅ Job print_1755586154712_7hoddjxzh completed successfully
🖨️ Processing job: job_print_1755586486798_cvtfhh46r.json
⚠️ Windows API failed, trying VBScript...
⚠️ VBScript failed, using minimal PowerShell...
✅ Minimal PowerShell printing completed
✅ Job print_1755586486798_cvtfhh46r completed successfully
🖨️ Processing job: job_print_1755586154712_7hoddjxzh.json
⚠️ Windows API failed, trying VBScript...
⚠️ VBScript failed, using minimal PowerShell...
✅ Minimal PowerShell printing completed
✅ Job print_1755586154712_7hoddjxzh completed successfully
🖨️ Processing job: job_print_1755586486798_cvtfhh46r.json
⚠️ Windows API failed, trying VBScript...
⚠️ VBScript failed, using minimal PowerShell...
✅ Minimal PowerShell printing completed
✅ Job print_1755586486798_cvtfhh46r completed successfully
🖨️ Processing job: job_print_1755586154712_7hoddjxzh.json
⚠️ Windows API failed, trying VBScript...
⚠️ VBScript failed, using minimal PowerShell...
✅ Minimal PowerShell printing completed
✅ Job print_1755586154712_7hoddjxzh completed successfully
🖨️ Processing job: job_print_1755586486798_cvtfhh46r.json
⚠️ Windows API failed, trying VBScript...
⚠️ VBScript failed, using minimal PowerShell...
✅ Minimal PowerShell printing completed
✅ Job print_1755586486798_cvtfhh46r completed successfully
🖨️ Processing job: job_print_1755586154712_7hoddjxzh.json
⚠️ Windows API failed, trying VBScript...
⚠️ VBScript failed, using minimal PowerShell...
✅ Minimal PowerShell printing completed
✅ Job print_1755586154712_7hoddjxzh completed successfully
🖨️ Processing job: job_print_1755586486798_cvtfhh46r.json
⚠️ Windows API failed, trying VBScript...
⚠️ VBScript failed, using minimal PowerShell...
✅ Minimal PowerShell printing completed
✅ Job print_1755586486798_cvtfhh46r completed successfully
🖨️ Processing job: job_print_1755586154712_7hoddjxzh.json
⚠️ Windows API failed, trying VBScript...
⚠️ VBScript failed, using minimal PowerShell...
🖨️ Processing job: job_print_1755586486798_cvtfhh46r.json
⚠️ Windows API failed, trying VBScript...
⚠️ VBScript failed, using minimal PowerShell...
🖨️ Print Worker Service started
🖨️ Processing job: job_print_1755586154712_7hoddjxzh.json
⚠️ Windows API failed, trying VBScript...
✅ VBScript printing completed
✅ Job print_1755586154712_7hoddjxzh completed successfully
🖨️ Processing job: job_print_1755586486798_cvtfhh46r.json
⚠️ Windows API failed, trying VBScript...
✅ VBScript printing completed
✅ Job print_1755586486798_cvtfhh46r completed successfully
🖨️ Processing job: job_print_1755586154712_7hoddjxzh.json
⚠️ Windows API failed, trying VBScript...
✅ VBScript printing completed
✅ Job print_1755586154712_7hoddjxzh completed successfully
🖨️ Processing job: job_print_1755586486798_cvtfhh46r.json
⚠️ Windows API failed, trying VBScript...
✅ VBScript printing completed
✅ Job print_1755586486798_cvtfhh46r completed successfully
🖨️ Processing job: job_print_1755586154712_7hoddjxzh.json
⚠️ Windows API failed, trying VBScript...
✅ VBScript printing completed
✅ Job print_1755586154712_7hoddjxzh completed successfully
🖨️ Processing job: job_print_1755586486798_cvtfhh46r.json
⚠️ Windows API failed, trying VBScript...
✅ VBScript printing completed
✅ Job print_1755586486798_cvtfhh46r completed successfully
🖨️ Processing job: job_print_1755586154712_7hoddjxzh.json
⚠️ Windows API failed, trying VBScript...
✅ VBScript printing completed
✅ Job print_1755586154712_7hoddjxzh completed successfully
🖨️ Processing job: job_print_1755586486798_cvtfhh46r.json
⚠️ Windows API failed, trying VBScript...
✅ VBScript printing completed
✅ Job print_1755586486798_cvtfhh46r completed successfully
🖨️ Processing job: job_print_1755586154712_7hoddjxzh.json
⚠️ Windows API failed, trying VBScript...
✅ VBScript printing completed
✅ Job print_1755586154712_7hoddjxzh completed successfully
🖨️ Processing job: job_print_1755586486798_cvtfhh46r.json
⚠️ Windows API failed, trying VBScript...
✅ VBScript printing completed
✅ Job print_1755586486798_cvtfhh46r completed successfully
🖨️ Processing job: job_print_1755586154712_7hoddjxzh.json
⚠️ Windows API failed, trying VBScript...
✅ VBScript printing completed
✅ Job print_1755586154712_7hoddjxzh completed successfully
🖨️ Processing job: job_print_1755586486798_cvtfhh46r.json
⚠️ Windows API failed, trying VBScript...
✅ VBScript printing completed
✅ Job print_1755586486798_cvtfhh46r completed successfully
🖨️ Processing job: job_print_1755586154712_7hoddjxzh.json
⚠️ Windows API failed, trying VBScript...
✅ VBScript printing completed
✅ Job print_1755586154712_7hoddjxzh completed successfully
🖨️ Processing job: job_print_1755586486798_cvtfhh46r.json
⚠️ Windows API failed, trying VBScript...
✅ VBScript printing completed
✅ Job print_1755586486798_cvtfhh46r completed successfully
🖨️ Processing job: job_print_1755586154712_7hoddjxzh.json
⚠️ Windows API failed, trying VBScript...
✅ VBScript printing completed
✅ Job print_1755586154712_7hoddjxzh completed successfully
🖨️ Processing job: job_print_1755586486798_cvtfhh46r.json
⚠️ Windows API failed, trying VBScript...
✅ VBScript printing completed
✅ Job print_1755586486798_cvtfhh46r completed successfully
🖨️ Processing job: job_print_1755586154712_7hoddjxzh.json
⚠️ Windows API failed, trying VBScript...
✅ VBScript printing completed
✅ Job print_1755586154712_7hoddjxzh completed successfully
🖨️ Processing job: job_print_1755586486798_cvtfhh46r.json
⚠️ Windows API failed, trying VBScript...
✅ VBScript printing completed
✅ Job print_1755586486798_cvtfhh46r completed successfully
🖨️ Processing job: job_print_1755586154712_7hoddjxzh.json
⚠️ Windows API failed, trying VBScript...
✅ VBScript printing completed
✅ Job print_1755586154712_7hoddjxzh completed successfully
🖨️ Processing job: job_print_1755586486798_cvtfhh46r.json
⚠️ Windows API failed, trying VBScript...
✅ VBScript printing completed
✅ Job print_1755586486798_cvtfhh46r completed successfully
🖨️ Processing job: job_print_1755586154712_7hoddjxzh.json
⚠️ Windows API failed, trying VBScript...
✅ VBScript printing completed
✅ Job print_1755586154712_7hoddjxzh completed successfully
🖨️ Processing job: job_print_1755586486798_cvtfhh46r.json
⚠️ Windows API failed, trying VBScript...
✅ VBScript printing completed
✅ Job print_1755586486798_cvtfhh46r completed successfully
🖨️ Processing job: job_print_1755586154712_7hoddjxzh.json
⚠️ Windows API failed, trying VBScript...
✅ VBScript printing completed
✅ Job print_1755586154712_7hoddjxzh completed successfully
🖨️ Processing job: job_print_1755586486798_cvtfhh46r.json
⚠️ Windows API failed, trying VBScript...
⚠️ VBScript failed, using minimal PowerShell...
🖨️ Processing job: job_print_1755586154712_7hoddjxzh.json
⚠️ Windows API failed, trying VBScript...
⚠️ VBScript failed, using minimal PowerShell...
🖨️ Processing job: job_print_1755586486798_cvtfhh46r.json
⚠️ Windows API failed, trying VBScript...
⚠️ VBScript failed, using minimal PowerShell...
🖨️ Processing job: job_print_1755586154712_7hoddjxzh.json
⚠️ Windows API failed, trying VBScript...
⚠️ VBScript failed, using minimal PowerShell...
🖨️ Processing job: job_print_1755586486798_cvtfhh46r.json
⚠️ Windows API failed, trying VBScript...
⚠️ VBScript failed, using minimal PowerShell...
🖨️ Processing job: job_print_1755586154712_7hoddjxzh.json
⚠️ Windows API failed, trying VBScript...
⚠️ VBScript failed, using minimal PowerShell...
🖨️ Processing job: job_print_1755586486798_cvtfhh46r.json
⚠️ Windows API failed, trying VBScript...
⚠️ VBScript failed, using minimal PowerShell...
🖨️ Processing job: job_print_1755586154712_7hoddjxzh.json
⚠️ Windows API failed, trying VBScript...
⚠️ VBScript failed, using minimal PowerShell...
🖨️ Processing job: job_print_1755586486798_cvtfhh46r.json
⚠️ Windows API failed, trying VBScript...
⚠️ VBScript failed, using minimal PowerShell...
🖨️ Processing job: job_print_1755586154712_7hoddjxzh.json
⚠️ Windows API failed, trying VBScript...
⚠️ VBScript failed, using minimal PowerShell...
🖨️ Processing job: job_print_1755586486798_cvtfhh46r.json
⚠️ Windows API failed, trying VBScript...
⚠️ VBScript failed, using minimal PowerShell...
🖨️ Processing job: job_print_1755586154712_7hoddjxzh.json
⚠️ Windows API failed, trying VBScript...
⚠️ VBScript failed, using minimal PowerShell...
🖨️ Processing job: job_print_1755586486798_cvtfhh46r.json
⚠️ Windows API failed, trying VBScript...
⚠️ VBScript failed, using minimal PowerShell...
🖨️ Processing job: job_print_1755586154712_7hoddjxzh.json
⚠️ Windows API failed, trying VBScript...
⚠️ VBScript failed, using minimal PowerShell...
🖨️ Processing job: job_print_1755586486798_cvtfhh46r.json
⚠️ Windows API failed, trying VBScript...
⚠️ VBScript failed, using minimal PowerShell...
🖨️ Processing job: job_print_1755586154712_7hoddjxzh.json
⚠️ Windows API failed, trying VBScript...
⚠️ VBScript failed, using minimal PowerShell...
🖨️ Processing job: job_print_1755586486798_cvtfhh46r.json
⚠️ Windows API failed, trying VBScript...
⚠️ VBScript failed, using minimal PowerShell...
🖨️ Processing job: job_print_1755586154712_7hoddjxzh.json
⚠️ Windows API failed, trying VBScript...
⚠️ VBScript failed, using minimal PowerShell...
🖨️ Processing job: job_print_1755586486798_cvtfhh46r.json
⚠️ Windows API failed, trying VBScript...
⚠️ VBScript failed, using minimal PowerShell...
🖨️ Processing job: job_print_1755586154712_7hoddjxzh.json
⚠️ Windows API failed, trying VBScript...
⚠️ VBScript failed, using minimal PowerShell...
🖨️ Processing job: job_print_1755586486798_cvtfhh46r.json
⚠️ Windows API failed, trying VBScript...
⚠️ VBScript failed, using minimal PowerShell...
🖨️ Processing job: job_print_1755586154712_7hoddjxzh.json
⚠️ Windows API failed, trying VBScript...
⚠️ VBScript failed, using minimal PowerShell...
🖨️ Processing job: job_print_1755586486798_cvtfhh46r.json
⚠️ Windows API failed, trying VBScript...
⚠️ VBScript failed, using minimal PowerShell...
🖨️ Processing job: job_print_1755586154712_7hoddjxzh.json
⚠️ Windows API failed, trying VBScript...
⚠️ VBScript failed, using minimal PowerShell...
🖨️ Processing job: job_print_1755586486798_cvtfhh46r.json
⚠️ Windows API failed, trying VBScript...
⚠️ VBScript failed, using minimal PowerShell...
🖨️ Processing job: job_print_1755586154712_7hoddjxzh.json
⚠️ Windows API failed, trying VBScript...
⚠️ VBScript failed, using minimal PowerShell...
🖨️ Processing job: job_print_1755586486798_cvtfhh46r.json
⚠️ Windows API failed, trying VBScript...
⚠️ VBScript failed, using minimal PowerShell...
🖨️ Processing job: job_print_1755586154712_7hoddjxzh.json
⚠️ Windows API failed, trying VBScript...
⚠️ VBScript failed, using minimal PowerShell...
🖨️ Processing job: job_print_1755586486798_cvtfhh46r.json
⚠️ Windows API failed, trying VBScript...
⚠️ VBScript failed, using minimal PowerShell...
🖨️ Processing job: job_print_1755586154712_7hoddjxzh.json
⚠️ Windows API failed, trying VBScript...
⚠️ VBScript failed, using minimal PowerShell...
🖨️ Processing job: job_print_1755586486798_cvtfhh46r.json
⚠️ Windows API failed, trying VBScript...
⚠️ VBScript failed, using minimal PowerShell...
🖨️ Processing job: job_print_1755586154712_7hoddjxzh.json
⚠️ Windows API failed, trying VBScript...
⚠️ VBScript failed, using minimal PowerShell...
🖨️ Processing job: job_print_1755586486798_cvtfhh46r.json
⚠️ Windows API failed, trying VBScript...
⚠️ VBScript failed, using minimal PowerShell...
🖨️ Processing job: job_print_1755586154712_7hoddjxzh.json
⚠️ Windows API failed, trying VBScript...
⚠️ VBScript failed, using minimal PowerShell...
🖨️ Processing job: job_print_1755586486798_cvtfhh46r.json
⚠️ Windows API failed, trying VBScript...
⚠️ VBScript failed, using minimal PowerShell...
🖨️ Processing job: job_print_1755586154712_7hoddjxzh.json
⚠️ Windows API failed, trying VBScript...
⚠️ VBScript failed, using minimal PowerShell...
🖨️ Processing job: job_print_1755586486798_cvtfhh46r.json
⚠️ Windows API failed, trying VBScript...
⚠️ VBScript failed, using minimal PowerShell...
🖨️ Processing job: job_print_1755586154712_7hoddjxzh.json
⚠️ Windows API failed, trying VBScript...
⚠️ VBScript failed, using minimal PowerShell...
🖨️ Processing job: job_print_1755586486798_cvtfhh46r.json
⚠️ Windows API failed, trying VBScript...
⚠️ VBScript failed, using minimal PowerShell...
🖨️ Processing job: job_print_1755586154712_7hoddjxzh.json
⚠️ Windows API failed, trying VBScript...
⚠️ VBScript failed, using minimal PowerShell...
🖨️ Processing job: job_print_1755586486798_cvtfhh46r.json
⚠️ Windows API failed, trying VBScript...
⚠️ VBScript failed, using minimal PowerShell...
🖨️ Processing job: job_print_1755586154712_7hoddjxzh.json
⚠️ Windows API failed, trying VBScript...
⚠️ VBScript failed, using minimal PowerShell...
🖨️ Processing job: job_print_1755586486798_cvtfhh46r.json
⚠️ Windows API failed, trying VBScript...
⚠️ VBScript failed, using minimal PowerShell...
🖨️ Processing job: job_print_1755586154712_7hoddjxzh.json
⚠️ Windows API failed, trying VBScript...
⚠️ VBScript failed, using minimal PowerShell...
🖨️ Processing job: job_print_1755586486798_cvtfhh46r.json
⚠️ Windows API failed, trying VBScript...
⚠️ VBScript failed, using minimal PowerShell...
🖨️ Processing job: job_print_1755586154712_7hoddjxzh.json
⚠️ Windows API failed, trying VBScript...
⚠️ VBScript failed, using minimal PowerShell...
🖨️ Processing job: job_print_1755586486798_cvtfhh46r.json
⚠️ Windows API failed, trying VBScript...
⚠️ VBScript failed, using minimal PowerShell...
🖨️ Processing job: job_print_1755586154712_7hoddjxzh.json
⚠️ Windows API failed, trying VBScript...
⚠️ VBScript failed, using minimal PowerShell...
🖨️ Processing job: job_print_1755586486798_cvtfhh46r.json
⚠️ Windows API failed, trying VBScript...
⚠️ VBScript failed, using minimal PowerShell...
🖨️ Processing job: job_print_1755586154712_7hoddjxzh.json
⚠️ Windows API failed, trying VBScript...
⚠️ VBScript failed, using minimal PowerShell...
🖨️ Processing job: job_print_1755586486798_cvtfhh46r.json
⚠️ Windows API failed, trying VBScript...
⚠️ VBScript failed, using minimal PowerShell...
🖨️ Processing job: job_print_1755586154712_7hoddjxzh.json
⚠️ Windows API failed, trying VBScript...
⚠️ VBScript failed, using minimal PowerShell...
🖨️ Processing job: job_print_1755586486798_cvtfhh46r.json
⚠️ Windows API failed, trying VBScript...
⚠️ VBScript failed, using minimal PowerShell...
🖨️ Processing job: job_print_1755586154712_7hoddjxzh.json
⚠️ Windows API failed, trying VBScript...
⚠️ VBScript failed, using minimal PowerShell...
🖨️ Processing job: job_print_1755586486798_cvtfhh46r.json
⚠️ Windows API failed, trying VBScript...
⚠️ VBScript failed, using minimal PowerShell...
🖨️ Processing job: job_print_1755586154712_7hoddjxzh.json
⚠️ Windows API failed, trying VBScript...
⚠️ VBScript failed, using minimal PowerShell...
🖨️ Processing job: job_print_1755586486798_cvtfhh46r.json
⚠️ Windows API failed, trying VBScript...
⚠️ VBScript failed, using minimal PowerShell...
🖨️ Processing job: job_print_1755586154712_7hoddjxzh.json
⚠️ Windows API failed, trying VBScript...
⚠️ VBScript failed, using minimal PowerShell...
🖨️ Processing job: job_print_1755586486798_cvtfhh46r.json
⚠️ Windows API failed, trying VBScript...
⚠️ VBScript failed, using minimal PowerShell...
🖨️ Processing job: job_print_1755586154712_7hoddjxzh.json
⚠️ Windows API failed, trying VBScript...
⚠️ VBScript failed, using minimal PowerShell...
🖨️ Processing job: job_print_1755586486798_cvtfhh46r.json
⚠️ Windows API failed, trying VBScript...
⚠️ VBScript failed, using minimal PowerShell...
🖨️ Processing job: job_print_1755586154712_7hoddjxzh.json
⚠️ Windows API failed, trying VBScript...
⚠️ VBScript failed, using minimal PowerShell...
🖨️ Processing job: job_print_1755586486798_cvtfhh46r.json
⚠️ Windows API failed, trying VBScript...
⚠️ VBScript failed, using minimal PowerShell...
🖨️ Processing job: job_print_1755586154712_7hoddjxzh.json
⚠️ Windows API failed, trying VBScript...
⚠️ VBScript failed, using minimal PowerShell...
🖨️ Processing job: job_print_1755586486798_cvtfhh46r.json
⚠️ Windows API failed, trying VBScript...
⚠️ VBScript failed, using minimal PowerShell...
🖨️ Processing job: job_print_1755586154712_7hoddjxzh.json
⚠️ Windows API failed, trying VBScript...
⚠️ VBScript failed, using minimal PowerShell...
🖨️ Processing job: job_print_1755586486798_cvtfhh46r.json
⚠️ Windows API failed, trying VBScript...
⚠️ VBScript failed, using minimal PowerShell...
🖨️ Processing job: job_print_1755586154712_7hoddjxzh.json
⚠️ Windows API failed, trying VBScript...
⚠️ VBScript failed, using minimal PowerShell...
🖨️ Processing job: job_print_1755586486798_cvtfhh46r.json
⚠️ Windows API failed, trying VBScript...
⚠️ VBScript failed, using minimal PowerShell...
🖨️ Processing job: job_print_1755586154712_7hoddjxzh.json
⚠️ Windows API failed, trying VBScript...
⚠️ VBScript failed, using minimal PowerShell...
🖨️ Processing job: job_print_1755586486798_cvtfhh46r.json
⚠️ Windows API failed, trying VBScript...
⚠️ VBScript failed, using minimal PowerShell...
🖨️ Processing job: job_print_1755586154712_7hoddjxzh.json
⚠️ Windows API failed, trying VBScript...
⚠️ VBScript failed, using minimal PowerShell...
🖨️ Processing job: job_print_1755586486798_cvtfhh46r.json
⚠️ Windows API failed, trying VBScript...
⚠️ VBScript failed, using minimal PowerShell...
🖨️ Processing job: job_print_1755586154712_7hoddjxzh.json
⚠️ Windows API failed, trying VBScript...
⚠️ VBScript failed, using minimal PowerShell...
🖨️ Processing job: job_print_1755586486798_cvtfhh46r.json
⚠️ Windows API failed, trying VBScript...
⚠️ VBScript failed, using minimal PowerShell...
🖨️ Processing job: job_print_1755586154712_7hoddjxzh.json
⚠️ Windows API failed, trying VBScript...
⚠️ VBScript failed, using minimal PowerShell...
🖨️ Processing job: job_print_1755586486798_cvtfhh46r.json
⚠️ Windows API failed, trying VBScript...
⚠️ VBScript failed, using minimal PowerShell...
🖨️ Processing job: job_print_1755586154712_7hoddjxzh.json
⚠️ Windows API failed, trying VBScript...
⚠️ VBScript failed, using minimal PowerShell...
🖨️ Processing job: job_print_1755586486798_cvtfhh46r.json
⚠️ Windows API failed, trying VBScript...
⚠️ VBScript failed, using minimal PowerShell...
🖨️ Processing job: job_print_1755586154712_7hoddjxzh.json
⚠️ Windows API failed, trying VBScript...
⚠️ VBScript failed, using minimal PowerShell...
🖨️ Processing job: job_print_1755586486798_cvtfhh46r.json
⚠️ Windows API failed, trying VBScript...
⚠️ VBScript failed, using minimal PowerShell...
🖨️ Processing job: job_print_1755586154712_7hoddjxzh.json
⚠️ Windows API failed, trying VBScript...
⚠️ VBScript failed, using minimal PowerShell...
🖨️ Processing job: job_print_1755586486798_cvtfhh46r.json
⚠️ Windows API failed, trying VBScript...
⚠️ VBScript failed, using minimal PowerShell...
🖨️ Processing job: job_print_1755586154712_7hoddjxzh.json
⚠️ Windows API failed, trying VBScript...
⚠️ VBScript failed, using minimal PowerShell...
🖨️ Processing job: job_print_1755586486798_cvtfhh46r.json
⚠️ Windows API failed, trying VBScript...
⚠️ VBScript failed, using minimal PowerShell...
🖨️ Processing job: job_print_1755586154712_7hoddjxzh.json
⚠️ Windows API failed, trying VBScript...
⚠️ VBScript failed, using minimal PowerShell...
🖨️ Processing job: job_print_1755586486798_cvtfhh46r.json
⚠️ Windows API failed, trying VBScript...
⚠️ VBScript failed, using minimal PowerShell...
🖨️ Processing job: job_print_1755586154712_7hoddjxzh.json
⚠️ Windows API failed, trying VBScript...
⚠️ VBScript failed, using minimal PowerShell...
🖨️ Processing job: job_print_1755586486798_cvtfhh46r.json
⚠️ Windows API failed, trying VBScript...
⚠️ VBScript failed, using minimal PowerShell...
🖨️ Processing job: job_print_1755586154712_7hoddjxzh.json
⚠️ Windows API failed, trying VBScript...
⚠️ VBScript failed, using minimal PowerShell...
🖨️ Processing job: job_print_1755586486798_cvtfhh46r.json
⚠️ Windows API failed, trying VBScript...
⚠️ VBScript failed, using minimal PowerShell...
🖨️ Processing job: job_print_1755586154712_7hoddjxzh.json
⚠️ Windows API failed, trying VBScript...
⚠️ VBScript failed, using minimal PowerShell...
🖨️ Processing job: job_print_1755586486798_cvtfhh46r.json
⚠️ Windows API failed, trying VBScript...
⚠️ VBScript failed, using minimal PowerShell...
🖨️ Processing job: job_print_1755586154712_7hoddjxzh.json
⚠️ Windows API failed, trying VBScript...
⚠️ VBScript failed, using minimal PowerShell...
🖨️ Processing job: job_print_1755586486798_cvtfhh46r.json
⚠️ Windows API failed, trying VBScript...
⚠️ VBScript failed, using minimal PowerShell...
🖨️ Processing job: job_print_1755586154712_7hoddjxzh.json
⚠️ Windows API failed, trying VBScript...
⚠️ VBScript failed, using minimal PowerShell...
🖨️ Processing job: job_print_1755586486798_cvtfhh46r.json
⚠️ Windows API failed, trying VBScript...
⚠️ VBScript failed, using minimal PowerShell...
🖨️ Processing job: job_print_1755586154712_7hoddjxzh.json
⚠️ Windows API failed, trying VBScript...
⚠️ VBScript failed, using minimal PowerShell...
🖨️ Processing job: job_print_1755586486798_cvtfhh46r.json
⚠️ Windows API failed, trying VBScript...
⚠️ VBScript failed, using minimal PowerShell...
🖨️ Processing job: job_print_1755586154712_7hoddjxzh.json
⚠️ Windows API failed, trying VBScript...
⚠️ VBScript failed, using minimal PowerShell...
🖨️ Processing job: job_print_1755586486798_cvtfhh46r.json
⚠️ Windows API failed, trying VBScript...
⚠️ VBScript failed, using minimal PowerShell...
🖨️ Processing job: job_print_1755586154712_7hoddjxzh.json
⚠️ Windows API failed, trying VBScript...
⚠️ VBScript failed, using minimal PowerShell...
🖨️ Processing job: job_print_1755586486798_cvtfhh46r.json
⚠️ Windows API failed, trying VBScript...
⚠️ VBScript failed, using minimal PowerShell...
🖨️ Processing job: job_print_1755586154712_7hoddjxzh.json
⚠️ Windows API failed, trying VBScript...
⚠️ VBScript failed, using minimal PowerShell...
🖨️ Processing job: job_print_1755586486798_cvtfhh46r.json
⚠️ Windows API failed, trying VBScript...
⚠️ VBScript failed, using minimal PowerShell...
🖨️ Processing job: job_print_1755586154712_7hoddjxzh.json
⚠️ Windows API failed, trying VBScript...
⚠️ VBScript failed, using minimal PowerShell...
🖨️ Processing job: job_print_1755586486798_cvtfhh46r.json
⚠️ Windows API failed, trying VBScript...
⚠️ VBScript failed, using minimal PowerShell...
🖨️ Processing job: job_print_1755586154712_7hoddjxzh.json
⚠️ Windows API failed, trying VBScript...
⚠️ VBScript failed, using minimal PowerShell...
🖨️ Processing job: job_print_1755586486798_cvtfhh46r.json
⚠️ Windows API failed, trying VBScript...
⚠️ VBScript failed, using minimal PowerShell...
🖨️ Processing job: job_print_1755586154712_7hoddjxzh.json
⚠️ Windows API failed, trying VBScript...
⚠️ VBScript failed, using minimal PowerShell...
🖨️ Processing job: job_print_1755586486798_cvtfhh46r.json
⚠️ Windows API failed, trying VBScript...
⚠️ VBScript failed, using minimal PowerShell...
🖨️ Processing job: job_print_1755586154712_7hoddjxzh.json
⚠️ Windows API failed, trying VBScript...
⚠️ VBScript failed, using minimal PowerShell...
🖨️ Processing job: job_print_1755586486798_cvtfhh46r.json
⚠️ Windows API failed, trying VBScript...
⚠️ VBScript failed, using minimal PowerShell...
🖨️ Processing job: job_print_1755586154712_7hoddjxzh.json
⚠️ Windows API failed, trying VBScript...
⚠️ VBScript failed, using minimal PowerShell...
🖨️ Processing job: job_print_1755586486798_cvtfhh46r.json
⚠️ Windows API failed, trying VBScript...
⚠️ VBScript failed, using minimal PowerShell...
🖨️ Processing job: job_print_1755586154712_7hoddjxzh.json
⚠️ Windows API failed, trying VBScript...
⚠️ VBScript failed, using minimal PowerShell...
🖨️ Processing job: job_print_1755586486798_cvtfhh46r.json
⚠️ Windows API failed, trying VBScript...
⚠️ VBScript failed, using minimal PowerShell...
🖨️ Processing job: job_print_1755586154712_7hoddjxzh.json
⚠️ Windows API failed, trying VBScript...
⚠️ VBScript failed, using minimal PowerShell...
🖨️ Processing job: job_print_1755586486798_cvtfhh46r.json
⚠️ Windows API failed, trying VBScript...
⚠️ VBScript failed, using minimal PowerShell...
🖨️ Processing job: job_print_1755586154712_7hoddjxzh.json
⚠️ Windows API failed, trying VBScript...
⚠️ VBScript failed, using minimal PowerShell...
🖨️ Processing job: job_print_1755586486798_cvtfhh46r.json
⚠️ Windows API failed, trying VBScript...
⚠️ VBScript failed, using minimal PowerShell...
🖨️ Processing job: job_print_1755586154712_7hoddjxzh.json
⚠️ Windows API failed, trying VBScript...
⚠️ VBScript failed, using minimal PowerShell...
🖨️ Processing job: job_print_1755586486798_cvtfhh46r.json
⚠️ Windows API failed, trying VBScript...
⚠️ VBScript failed, using minimal PowerShell...
🖨️ Processing job: job_print_1755586154712_7hoddjxzh.json
⚠️ Windows API failed, trying VBScript...
⚠️ VBScript failed, using minimal PowerShell...
🖨️ Processing job: job_print_1755586486798_cvtfhh46r.json
⚠️ Windows API failed, trying VBScript...
⚠️ VBScript failed, using minimal PowerShell...
🖨️ Processing job: job_print_1755586154712_7hoddjxzh.json
⚠️ Windows API failed, trying VBScript...
⚠️ VBScript failed, using minimal PowerShell...
🖨️ Processing job: job_print_1755586486798_cvtfhh46r.json
⚠️ Windows API failed, trying VBScript...
⚠️ VBScript failed, using minimal PowerShell...
🖨️ Processing job: job_print_1755586154712_7hoddjxzh.json
⚠️ Windows API failed, trying VBScript...
⚠️ VBScript failed, using minimal PowerShell...
🖨️ Processing job: job_print_1755586486798_cvtfhh46r.json
⚠️ Windows API failed, trying VBScript...
⚠️ VBScript failed, using minimal PowerShell...
🖨️ Processing job: job_print_1755586154712_7hoddjxzh.json
⚠️ Windows API failed, trying VBScript...
⚠️ VBScript failed, using minimal PowerShell...
🖨️ Processing job: job_print_1755586486798_cvtfhh46r.json
⚠️ Windows API failed, trying VBScript...
⚠️ VBScript failed, using minimal PowerShell...
🖨️ Processing job: job_print_1755586154712_7hoddjxzh.json
⚠️ Windows API failed, trying VBScript...
⚠️ VBScript failed, using minimal PowerShell...
🖨️ Processing job: job_print_1755586486798_cvtfhh46r.json
⚠️ Windows API failed, trying VBScript...
⚠️ VBScript failed, using minimal PowerShell...
🖨️ Processing job: job_print_1755586154712_7hoddjxzh.json
⚠️ Windows API failed, trying VBScript...
⚠️ VBScript failed, using minimal PowerShell...
🖨️ Processing job: job_print_1755586486798_cvtfhh46r.json
⚠️ Windows API failed, trying VBScript...
⚠️ VBScript failed, using minimal PowerShell...
🖨️ Processing job: job_print_1755586154712_7hoddjxzh.json
⚠️ Windows API failed, trying VBScript...
⚠️ VBScript failed, using minimal PowerShell...
🖨️ Processing job: job_print_1755586486798_cvtfhh46r.json
⚠️ Windows API failed, trying VBScript...
⚠️ VBScript failed, using minimal PowerShell...
🖨️ Processing job: job_print_1755586154712_7hoddjxzh.json
⚠️ Windows API failed, trying VBScript...
⚠️ VBScript failed, using minimal PowerShell...
🖨️ Processing job: job_print_1755586486798_cvtfhh46r.json
⚠️ Windows API failed, trying VBScript...
⚠️ VBScript failed, using minimal PowerShell...
🖨️ Processing job: job_print_1755586154712_7hoddjxzh.json
⚠️ Windows API failed, trying VBScript...
⚠️ VBScript failed, using minimal PowerShell...
🖨️ Processing job: job_print_1755586486798_cvtfhh46r.json
⚠️ Windows API failed, trying VBScript...
⚠️ VBScript failed, using minimal PowerShell...
🖨️ Processing job: job_print_1755586154712_7hoddjxzh.json
⚠️ Windows API failed, trying VBScript...
⚠️ VBScript failed, using minimal PowerShell...
🖨️ Processing job: job_print_1755586486798_cvtfhh46r.json
⚠️ Windows API failed, trying VBScript...
⚠️ VBScript failed, using minimal PowerShell...
🖨️ Processing job: job_print_1755586154712_7hoddjxzh.json
⚠️ Windows API failed, trying VBScript...
⚠️ VBScript failed, using minimal PowerShell...
🖨️ Processing job: job_print_1755586486798_cvtfhh46r.json
⚠️ Windows API failed, trying VBScript...
⚠️ VBScript failed, using minimal PowerShell...
🖨️ Processing job: job_print_1755586154712_7hoddjxzh.json
⚠️ Windows API failed, trying VBScript...
⚠️ VBScript failed, using minimal PowerShell...
🖨️ Processing job: job_print_1755586486798_cvtfhh46r.json
⚠️ Windows API failed, trying VBScript...
⚠️ VBScript failed, using minimal PowerShell...
🖨️ Processing job: job_print_1755586154712_7hoddjxzh.json
⚠️ Windows API failed, trying VBScript...
⚠️ VBScript failed, using minimal PowerShell...
🖨️ Processing job: job_print_1755586486798_cvtfhh46r.json
⚠️ Windows API failed, trying VBScript...
⚠️ VBScript failed, using minimal PowerShell...
🖨️ Processing job: job_print_1755586154712_7hoddjxzh.json
⚠️ Windows API failed, trying VBScript...
⚠️ VBScript failed, using minimal PowerShell...
🖨️ Processing job: job_print_1755586486798_cvtfhh46r.json
⚠️ Windows API failed, trying VBScript...
⚠️ VBScript failed, using minimal PowerShell...
🖨️ Processing job: job_print_1755586154712_7hoddjxzh.json
⚠️ Windows API failed, trying VBScript...
⚠️ VBScript failed, using minimal PowerShell...
🖨️ Processing job: job_print_1755586486798_cvtfhh46r.json
⚠️ Windows API failed, trying VBScript...
⚠️ VBScript failed, using minimal PowerShell...
🖨️ Processing job: job_print_1755586154712_7hoddjxzh.json
⚠️ Windows API failed, trying VBScript...
⚠️ VBScript failed, using minimal PowerShell...
🖨️ Processing job: job_print_1755586486798_cvtfhh46r.json
⚠️ Windows API failed, trying VBScript...
⚠️ VBScript failed, using minimal PowerShell...
🖨️ Processing job: job_print_1755586154712_7hoddjxzh.json
⚠️ Windows API failed, trying VBScript...
⚠️ VBScript failed, using minimal PowerShell...
🖨️ Processing job: job_print_1755586486798_cvtfhh46r.json
⚠️ Windows API failed, trying VBScript...
⚠️ VBScript failed, using minimal PowerShell...
🖨️ Processing job: job_print_1755586154712_7hoddjxzh.json
⚠️ Windows API failed, trying VBScript...
⚠️ VBScript failed, using minimal PowerShell...
🖨️ Processing job: job_print_1755586486798_cvtfhh46r.json
⚠️ Windows API failed, trying VBScript...
⚠️ VBScript failed, using minimal PowerShell...
🖨️ Processing job: job_print_1755586154712_7hoddjxzh.json
⚠️ Windows API failed, trying VBScript...
⚠️ VBScript failed, using minimal PowerShell...
🖨️ Processing job: job_print_1755586486798_cvtfhh46r.json
⚠️ Windows API failed, trying VBScript...
⚠️ VBScript failed, using minimal PowerShell...
🖨️ Processing job: job_print_1755586154712_7hoddjxzh.json
⚠️ Windows API failed, trying VBScript...
⚠️ VBScript failed, using minimal PowerShell...
🖨️ Processing job: job_print_1755586486798_cvtfhh46r.json
⚠️ Windows API failed, trying VBScript...
⚠️ VBScript failed, using minimal PowerShell...
🖨️ Processing job: job_print_1755586154712_7hoddjxzh.json
⚠️ Windows API failed, trying VBScript...
⚠️ VBScript failed, using minimal PowerShell...
🖨️ Processing job: job_print_1755586486798_cvtfhh46r.json
⚠️ Windows API failed, trying VBScript...
⚠️ VBScript failed, using minimal PowerShell...
🖨️ Processing job: job_print_1755586154712_7hoddjxzh.json
⚠️ Windows API failed, trying VBScript...
⚠️ VBScript failed, using minimal PowerShell...
🖨️ Processing job: job_print_1755586486798_cvtfhh46r.json
⚠️ Windows API failed, trying VBScript...
⚠️ VBScript failed, using minimal PowerShell...
🖨️ Processing job: job_print_1755586154712_7hoddjxzh.json
⚠️ Windows API failed, trying VBScript...
⚠️ VBScript failed, using minimal PowerShell...
🖨️ Processing job: job_print_1755586486798_cvtfhh46r.json
⚠️ Windows API failed, trying VBScript...
⚠️ VBScript failed, using minimal PowerShell...
🖨️ Processing job: job_print_1755586154712_7hoddjxzh.json
⚠️ Windows API failed, trying VBScript...
⚠️ VBScript failed, using minimal PowerShell...
🖨️ Processing job: job_print_1755586486798_cvtfhh46r.json
⚠️ Windows API failed, trying VBScript...
⚠️ VBScript failed, using minimal PowerShell...
🖨️ Processing job: job_print_1755586154712_7hoddjxzh.json
⚠️ Windows API failed, trying VBScript...
⚠️ VBScript failed, using minimal PowerShell...
🖨️ Processing job: job_print_1755586486798_cvtfhh46r.json
⚠️ Windows API failed, trying VBScript...
⚠️ VBScript failed, using minimal PowerShell...
🖨️ Processing job: job_print_1755586154712_7hoddjxzh.json
⚠️ Windows API failed, trying VBScript...
⚠️ VBScript failed, using minimal PowerShell...
🖨️ Processing job: job_print_1755586486798_cvtfhh46r.json
⚠️ Windows API failed, trying VBScript...
⚠️ VBScript failed, using minimal PowerShell...
🖨️ Processing job: job_print_1755586154712_7hoddjxzh.json
⚠️ Windows API failed, trying VBScript...
⚠️ VBScript failed, using minimal PowerShell...
🖨️ Processing job: job_print_1755586486798_cvtfhh46r.json
⚠️ Windows API failed, trying VBScript...
⚠️ VBScript failed, using minimal PowerShell...
🖨️ Processing job: job_print_1755586154712_7hoddjxzh.json
⚠️ Windows API failed, trying VBScript...
⚠️ VBScript failed, using minimal PowerShell...
🖨️ Processing job: job_print_1755586486798_cvtfhh46r.json
⚠️ Windows API failed, trying VBScript...
⚠️ VBScript failed, using minimal PowerShell...
🖨️ Processing job: job_print_1755586154712_7hoddjxzh.json
⚠️ Windows API failed, trying VBScript...
⚠️ VBScript failed, using minimal PowerShell...
🖨️ Processing job: job_print_1755586486798_cvtfhh46r.json
⚠️ Windows API failed, trying VBScript...
⚠️ VBScript failed, using minimal PowerShell...
🖨️ Processing job: job_print_1755586154712_7hoddjxzh.json
⚠️ Windows API failed, trying VBScript...
⚠️ VBScript failed, using minimal PowerShell...
🖨️ Processing job: job_print_1755586486798_cvtfhh46r.json
⚠️ Windows API failed, trying VBScript...
⚠️ VBScript failed, using minimal PowerShell...
🖨️ Processing job: job_print_1755586154712_7hoddjxzh.json
⚠️ Windows API failed, trying VBScript...
⚠️ VBScript failed, using minimal PowerShell...
🖨️ Processing job: job_print_1755586486798_cvtfhh46r.json
⚠️ Windows API failed, trying VBScript...
⚠️ VBScript failed, using minimal PowerShell...
🖨️ Processing job: job_print_1755586154712_7hoddjxzh.json
⚠️ Windows API failed, trying VBScript...
⚠️ VBScript failed, using minimal PowerShell...
🖨️ Processing job: job_print_1755586486798_cvtfhh46r.json
⚠️ Windows API failed, trying VBScript...
⚠️ VBScript failed, using minimal PowerShell...
🖨️ Processing job: job_print_1755586154712_7hoddjxzh.json
⚠️ Windows API failed, trying VBScript...
⚠️ VBScript failed, using minimal PowerShell...
🖨️ Processing job: job_print_1755586486798_cvtfhh46r.json
⚠️ Windows API failed, trying VBScript...
⚠️ VBScript failed, using minimal PowerShell...
🖨️ Processing job: job_print_1755586154712_7hoddjxzh.json
⚠️ Windows API failed, trying VBScript...
⚠️ VBScript failed, using minimal PowerShell...
🖨️ Processing job: job_print_1755586486798_cvtfhh46r.json
⚠️ Windows API failed, trying VBScript...
⚠️ VBScript failed, using minimal PowerShell...
🖨️ Processing job: job_print_1755586154712_7hoddjxzh.json
⚠️ Windows API failed, trying VBScript...
⚠️ VBScript failed, using minimal PowerShell...
🖨️ Processing job: job_print_1755586486798_cvtfhh46r.json
⚠️ Windows API failed, trying VBScript...
⚠️ VBScript failed, using minimal PowerShell...
🖨️ Processing job: job_print_1755586154712_7hoddjxzh.json
⚠️ Windows API failed, trying VBScript...
⚠️ VBScript failed, using minimal PowerShell...
🖨️ Processing job: job_print_1755586486798_cvtfhh46r.json
⚠️ Windows API failed, trying VBScript...
⚠️ VBScript failed, using minimal PowerShell...
🖨️ Processing job: job_print_1755586154712_7hoddjxzh.json
⚠️ Windows API failed, trying VBScript...
⚠️ VBScript failed, using minimal PowerShell...
🖨️ Processing job: job_print_1755586486798_cvtfhh46r.json
🖨️ Print Worker Service started
